<?xml version="1.0" encoding="UTF-8"?>
<!-- Generated by org.testng.reporters.JUnitXMLReporter -->
<testsuite ignored="0" hostname="LAPTOP-IU6O74V4" failures="0" tests="5" name="Default test" time="0.048" errors="0" timestamp="08 Nov 2022 04:39:05 GMT">
  <testcase classname="org.testCases.Testscript1" name="test1" time="0.016"/>
  <testcase classname="org.testCases.Testscript1" name="test2" time="0.002"/>
  <testcase classname="org.testCases.Testscript1" name="test3" time="0.002"/>
  <testcase classname="org.testCases.Testscript1" name="test4" time="0.003"/>
  <testcase classname="org.testCases.Testscript1" name="test5" time="0.001"/>
</testsuite> <!-- Default test -->
