<?xml version="1.0" encoding="UTF-8"?>
<!-- Generated by org.testng.reporters.JUnitXMLReporter -->
<testsuite ignored="2" hostname="LAPTOP-IU6O74V4" failures="3" tests="3" name="Test" time="0.051" errors="0" timestamp="08 Nov 2022 04:48:59 GMT">
  <testcase classname="org.testCases.Testscript1" name="test1" time="0.022">
    <failure type="java.lang.NullPointerException" message="Cannot invoke &amp;quot;com.aventstack.extentreports.ExtentReports.createTest(String)&amp;quot; because &amp;quot;this.extentReport&amp;quot; is null">
      <![CDATA[java.lang.NullPointerException: Cannot invoke "com.aventstack.extentreports.ExtentReports.createTest(String)" because "this.extentReport" is null
	at org.testCases.Testscript1.test1(Testscript1.java:28)
... Removed 23 stack frames]]>
    </failure>
  </testcase> <!-- test1 -->
  <testcase classname="org.testCases.Testscript1" name="test3" time="0.001">
    <failure type="java.lang.NullPointerException" message="Cannot invoke &amp;quot;com.aventstack.extentreports.ExtentReports.createTest(String)&amp;quot; because &amp;quot;this.extentReport&amp;quot; is null">
      <![CDATA[java.lang.NullPointerException: Cannot invoke "com.aventstack.extentreports.ExtentReports.createTest(String)" because "this.extentReport" is null
	at org.testCases.Testscript1.test3(Testscript1.java:39)
... Removed 23 stack frames]]>
    </failure>
  </testcase> <!-- test3 -->
  <testcase classname="org.testCases.Testscript1" name="test5" time="0.002">
    <failure type="java.lang.NullPointerException" message="Cannot invoke &amp;quot;com.aventstack.extentreports.ExtentReports.createTest(String)&amp;quot; because &amp;quot;this.extentReport&amp;quot; is null">
      <![CDATA[java.lang.NullPointerException: Cannot invoke "com.aventstack.extentreports.ExtentReports.createTest(String)" because "this.extentReport" is null
	at org.testCases.Testscript1.test5(Testscript1.java:49)
... Removed 23 stack frames]]>
    </failure>
  </testcase> <!-- test5 -->
  <testcase classname="org.testCases.Testscript1" name="test2" time="0.0">
    <ignored/>
  </testcase> <!-- test2 -->
  <testcase classname="org.testCases.Testscript1" name="test4" time="0.0">
    <ignored/>
  </testcase> <!-- test4 -->
</testsuite> <!-- Test -->
